C:\USERS\CHIP\DOCUMENTS\VISUAL STUDIO 2012\PROJECTS\INTELMICROCODELIST\INTELMICROCODELIST\DEBUG\VC110.PDB
C:\USERS\CHIP\DOCUMENTS\VISUAL STUDIO 2012\PROJECTS\INTELMICROCODELIST\INTELMICROCODELIST\DEBUG\SOURCE.OBJ
C:\USERS\CHIP\DOCUMENTS\VISUAL STUDIO 2012\PROJECTS\INTELMICROCODELIST\DEBUG\INTELMICROCODELIST.ILK
C:\USERS\CHIP\DOCUMENTS\VISUAL STUDIO 2012\PROJECTS\INTELMICROCODELIST\DEBUG\INTELMICROCODELIST.EXE
C:\USERS\CHIP\DOCUMENTS\VISUAL STUDIO 2012\PROJECTS\INTELMICROCODELIST\DEBUG\INTELMICROCODELIST.PDB
C:\Users\Chip\Documents\Visual Studio 2012\Projects\IntelMicrocodeList\IntelMicrocodeList\Debug\Source.obj
C:\Users\Chip\Documents\Visual Studio 2012\Projects\IntelMicrocodeList\IntelMicrocodeList\Debug\cl.command.1.tlog
C:\Users\Chip\Documents\Visual Studio 2012\Projects\IntelMicrocodeList\IntelMicrocodeList\Debug\CL.read.1.tlog
C:\Users\Chip\Documents\Visual Studio 2012\Projects\IntelMicrocodeList\IntelMicrocodeList\Debug\CL.write.1.tlog
C:\Users\Chip\Documents\Visual Studio 2012\Projects\IntelMicrocodeList\IntelMicrocodeList\Debug\link-cvtres.read.1.tlog
C:\Users\Chip\Documents\Visual Studio 2012\Projects\IntelMicrocodeList\IntelMicrocodeList\Debug\link-cvtres.write.1.tlog
C:\Users\Chip\Documents\Visual Studio 2012\Projects\IntelMicrocodeList\IntelMicrocodeList\Debug\link-rc.read.1.tlog
C:\Users\Chip\Documents\Visual Studio 2012\Projects\IntelMicrocodeList\IntelMicrocodeList\Debug\link-rc.write.1.tlog
C:\Users\Chip\Documents\Visual Studio 2012\Projects\IntelMicrocodeList\IntelMicrocodeList\Debug\link.2376-cvtres.read.1.tlog
C:\Users\Chip\Documents\Visual Studio 2012\Projects\IntelMicrocodeList\IntelMicrocodeList\Debug\link.2376-cvtres.write.1.tlog
C:\Users\Chip\Documents\Visual Studio 2012\Projects\IntelMicrocodeList\IntelMicrocodeList\Debug\link.2376-rc.read.1.tlog
C:\Users\Chip\Documents\Visual Studio 2012\Projects\IntelMicrocodeList\IntelMicrocodeList\Debug\link.2376-rc.write.1.tlog
C:\Users\Chip\Documents\Visual Studio 2012\Projects\IntelMicrocodeList\IntelMicrocodeList\Debug\link.2376.read.1.tlog
C:\Users\Chip\Documents\Visual Studio 2012\Projects\IntelMicrocodeList\IntelMicrocodeList\Debug\link.2376.write.1.tlog
C:\Users\Chip\Documents\Visual Studio 2012\Projects\IntelMicrocodeList\IntelMicrocodeList\Debug\link.2460-cvtres.read.1.tlog
C:\Users\Chip\Documents\Visual Studio 2012\Projects\IntelMicrocodeList\IntelMicrocodeList\Debug\link.2460-cvtres.write.1.tlog
C:\Users\Chip\Documents\Visual Studio 2012\Projects\IntelMicrocodeList\IntelMicrocodeList\Debug\link.2460-rc.read.1.tlog
C:\Users\Chip\Documents\Visual Studio 2012\Projects\IntelMicrocodeList\IntelMicrocodeList\Debug\link.2460-rc.write.1.tlog
C:\Users\Chip\Documents\Visual Studio 2012\Projects\IntelMicrocodeList\IntelMicrocodeList\Debug\link.2460.read.1.tlog
C:\Users\Chip\Documents\Visual Studio 2012\Projects\IntelMicrocodeList\IntelMicrocodeList\Debug\link.2460.write.1.tlog
C:\Users\Chip\Documents\Visual Studio 2012\Projects\IntelMicrocodeList\IntelMicrocodeList\Debug\link.248-cvtres.read.1.tlog
C:\Users\Chip\Documents\Visual Studio 2012\Projects\IntelMicrocodeList\IntelMicrocodeList\Debug\link.248-cvtres.write.1.tlog
C:\Users\Chip\Documents\Visual Studio 2012\Projects\IntelMicrocodeList\IntelMicrocodeList\Debug\link.248-rc.read.1.tlog
C:\Users\Chip\Documents\Visual Studio 2012\Projects\IntelMicrocodeList\IntelMicrocodeList\Debug\link.248-rc.write.1.tlog
C:\Users\Chip\Documents\Visual Studio 2012\Projects\IntelMicrocodeList\IntelMicrocodeList\Debug\link.248.read.1.tlog
C:\Users\Chip\Documents\Visual Studio 2012\Projects\IntelMicrocodeList\IntelMicrocodeList\Debug\link.248.write.1.tlog
C:\Users\Chip\Documents\Visual Studio 2012\Projects\IntelMicrocodeList\IntelMicrocodeList\Debug\link.3416-cvtres.read.1.tlog
C:\Users\Chip\Documents\Visual Studio 2012\Projects\IntelMicrocodeList\IntelMicrocodeList\Debug\link.3416-cvtres.write.1.tlog
C:\Users\Chip\Documents\Visual Studio 2012\Projects\IntelMicrocodeList\IntelMicrocodeList\Debug\link.3416-rc.read.1.tlog
C:\Users\Chip\Documents\Visual Studio 2012\Projects\IntelMicrocodeList\IntelMicrocodeList\Debug\link.3416-rc.write.1.tlog
C:\Users\Chip\Documents\Visual Studio 2012\Projects\IntelMicrocodeList\IntelMicrocodeList\Debug\link.3416.read.1.tlog
C:\Users\Chip\Documents\Visual Studio 2012\Projects\IntelMicrocodeList\IntelMicrocodeList\Debug\link.3416.write.1.tlog
C:\Users\Chip\Documents\Visual Studio 2012\Projects\IntelMicrocodeList\IntelMicrocodeList\Debug\link.3924-cvtres.read.1.tlog
C:\Users\Chip\Documents\Visual Studio 2012\Projects\IntelMicrocodeList\IntelMicrocodeList\Debug\link.3924-cvtres.write.1.tlog
C:\Users\Chip\Documents\Visual Studio 2012\Projects\IntelMicrocodeList\IntelMicrocodeList\Debug\link.3924-rc.read.1.tlog
C:\Users\Chip\Documents\Visual Studio 2012\Projects\IntelMicrocodeList\IntelMicrocodeList\Debug\link.3924-rc.write.1.tlog
C:\Users\Chip\Documents\Visual Studio 2012\Projects\IntelMicrocodeList\IntelMicrocodeList\Debug\link.3924.read.1.tlog
C:\Users\Chip\Documents\Visual Studio 2012\Projects\IntelMicrocodeList\IntelMicrocodeList\Debug\link.3924.write.1.tlog
C:\Users\Chip\Documents\Visual Studio 2012\Projects\IntelMicrocodeList\IntelMicrocodeList\Debug\link.5592-cvtres.read.1.tlog
C:\Users\Chip\Documents\Visual Studio 2012\Projects\IntelMicrocodeList\IntelMicrocodeList\Debug\link.5592-cvtres.write.1.tlog
C:\Users\Chip\Documents\Visual Studio 2012\Projects\IntelMicrocodeList\IntelMicrocodeList\Debug\link.5592-rc.read.1.tlog
C:\Users\Chip\Documents\Visual Studio 2012\Projects\IntelMicrocodeList\IntelMicrocodeList\Debug\link.5592-rc.write.1.tlog
C:\Users\Chip\Documents\Visual Studio 2012\Projects\IntelMicrocodeList\IntelMicrocodeList\Debug\link.5592.read.1.tlog
C:\Users\Chip\Documents\Visual Studio 2012\Projects\IntelMicrocodeList\IntelMicrocodeList\Debug\link.5592.write.1.tlog
C:\Users\Chip\Documents\Visual Studio 2012\Projects\IntelMicrocodeList\IntelMicrocodeList\Debug\link.5608-cvtres.read.1.tlog
C:\Users\Chip\Documents\Visual Studio 2012\Projects\IntelMicrocodeList\IntelMicrocodeList\Debug\link.5608-cvtres.write.1.tlog
C:\Users\Chip\Documents\Visual Studio 2012\Projects\IntelMicrocodeList\IntelMicrocodeList\Debug\link.5608-rc.read.1.tlog
C:\Users\Chip\Documents\Visual Studio 2012\Projects\IntelMicrocodeList\IntelMicrocodeList\Debug\link.5608-rc.write.1.tlog
C:\Users\Chip\Documents\Visual Studio 2012\Projects\IntelMicrocodeList\IntelMicrocodeList\Debug\link.5608.read.1.tlog
C:\Users\Chip\Documents\Visual Studio 2012\Projects\IntelMicrocodeList\IntelMicrocodeList\Debug\link.5608.write.1.tlog
C:\Users\Chip\Documents\Visual Studio 2012\Projects\IntelMicrocodeList\IntelMicrocodeList\Debug\link.5724-cvtres.read.1.tlog
C:\Users\Chip\Documents\Visual Studio 2012\Projects\IntelMicrocodeList\IntelMicrocodeList\Debug\link.5724-cvtres.write.1.tlog
C:\Users\Chip\Documents\Visual Studio 2012\Projects\IntelMicrocodeList\IntelMicrocodeList\Debug\link.5724-rc.read.1.tlog
C:\Users\Chip\Documents\Visual Studio 2012\Projects\IntelMicrocodeList\IntelMicrocodeList\Debug\link.5724-rc.write.1.tlog
C:\Users\Chip\Documents\Visual Studio 2012\Projects\IntelMicrocodeList\IntelMicrocodeList\Debug\link.5724.read.1.tlog
C:\Users\Chip\Documents\Visual Studio 2012\Projects\IntelMicrocodeList\IntelMicrocodeList\Debug\link.5724.write.1.tlog
C:\Users\Chip\Documents\Visual Studio 2012\Projects\IntelMicrocodeList\IntelMicrocodeList\Debug\link.5812-cvtres.read.1.tlog
C:\Users\Chip\Documents\Visual Studio 2012\Projects\IntelMicrocodeList\IntelMicrocodeList\Debug\link.5812-cvtres.write.1.tlog
C:\Users\Chip\Documents\Visual Studio 2012\Projects\IntelMicrocodeList\IntelMicrocodeList\Debug\link.5812-rc.read.1.tlog
C:\Users\Chip\Documents\Visual Studio 2012\Projects\IntelMicrocodeList\IntelMicrocodeList\Debug\link.5812-rc.write.1.tlog
C:\Users\Chip\Documents\Visual Studio 2012\Projects\IntelMicrocodeList\IntelMicrocodeList\Debug\link.5812.read.1.tlog
C:\Users\Chip\Documents\Visual Studio 2012\Projects\IntelMicrocodeList\IntelMicrocodeList\Debug\link.5812.write.1.tlog
C:\Users\Chip\Documents\Visual Studio 2012\Projects\IntelMicrocodeList\IntelMicrocodeList\Debug\link.6116-cvtres.read.1.tlog
C:\Users\Chip\Documents\Visual Studio 2012\Projects\IntelMicrocodeList\IntelMicrocodeList\Debug\link.6116-cvtres.write.1.tlog
C:\Users\Chip\Documents\Visual Studio 2012\Projects\IntelMicrocodeList\IntelMicrocodeList\Debug\link.6116-rc.read.1.tlog
C:\Users\Chip\Documents\Visual Studio 2012\Projects\IntelMicrocodeList\IntelMicrocodeList\Debug\link.6116-rc.write.1.tlog
C:\Users\Chip\Documents\Visual Studio 2012\Projects\IntelMicrocodeList\IntelMicrocodeList\Debug\link.6116.read.1.tlog
C:\Users\Chip\Documents\Visual Studio 2012\Projects\IntelMicrocodeList\IntelMicrocodeList\Debug\link.6116.write.1.tlog
C:\Users\Chip\Documents\Visual Studio 2012\Projects\IntelMicrocodeList\IntelMicrocodeList\Debug\link.6240-cvtres.read.1.tlog
C:\Users\Chip\Documents\Visual Studio 2012\Projects\IntelMicrocodeList\IntelMicrocodeList\Debug\link.6240-cvtres.write.1.tlog
C:\Users\Chip\Documents\Visual Studio 2012\Projects\IntelMicrocodeList\IntelMicrocodeList\Debug\link.6240-rc.read.1.tlog
C:\Users\Chip\Documents\Visual Studio 2012\Projects\IntelMicrocodeList\IntelMicrocodeList\Debug\link.6240-rc.write.1.tlog
C:\Users\Chip\Documents\Visual Studio 2012\Projects\IntelMicrocodeList\IntelMicrocodeList\Debug\link.6240.read.1.tlog
C:\Users\Chip\Documents\Visual Studio 2012\Projects\IntelMicrocodeList\IntelMicrocodeList\Debug\link.6240.write.1.tlog
C:\Users\Chip\Documents\Visual Studio 2012\Projects\IntelMicrocodeList\IntelMicrocodeList\Debug\link.6280-cvtres.read.1.tlog
C:\Users\Chip\Documents\Visual Studio 2012\Projects\IntelMicrocodeList\IntelMicrocodeList\Debug\link.6280-cvtres.write.1.tlog
C:\Users\Chip\Documents\Visual Studio 2012\Projects\IntelMicrocodeList\IntelMicrocodeList\Debug\link.6280-rc.read.1.tlog
C:\Users\Chip\Documents\Visual Studio 2012\Projects\IntelMicrocodeList\IntelMicrocodeList\Debug\link.6280-rc.write.1.tlog
C:\Users\Chip\Documents\Visual Studio 2012\Projects\IntelMicrocodeList\IntelMicrocodeList\Debug\link.6280.read.1.tlog
C:\Users\Chip\Documents\Visual Studio 2012\Projects\IntelMicrocodeList\IntelMicrocodeList\Debug\link.6280.write.1.tlog
C:\Users\Chip\Documents\Visual Studio 2012\Projects\IntelMicrocodeList\IntelMicrocodeList\Debug\link.6352-cvtres.read.1.tlog
C:\Users\Chip\Documents\Visual Studio 2012\Projects\IntelMicrocodeList\IntelMicrocodeList\Debug\link.6352-cvtres.write.1.tlog
C:\Users\Chip\Documents\Visual Studio 2012\Projects\IntelMicrocodeList\IntelMicrocodeList\Debug\link.6352-rc.read.1.tlog
C:\Users\Chip\Documents\Visual Studio 2012\Projects\IntelMicrocodeList\IntelMicrocodeList\Debug\link.6352-rc.write.1.tlog
C:\Users\Chip\Documents\Visual Studio 2012\Projects\IntelMicrocodeList\IntelMicrocodeList\Debug\link.6352.read.1.tlog
C:\Users\Chip\Documents\Visual Studio 2012\Projects\IntelMicrocodeList\IntelMicrocodeList\Debug\link.6352.write.1.tlog
C:\Users\Chip\Documents\Visual Studio 2012\Projects\IntelMicrocodeList\IntelMicrocodeList\Debug\link.6508-cvtres.read.1.tlog
C:\Users\Chip\Documents\Visual Studio 2012\Projects\IntelMicrocodeList\IntelMicrocodeList\Debug\link.6508-cvtres.write.1.tlog
C:\Users\Chip\Documents\Visual Studio 2012\Projects\IntelMicrocodeList\IntelMicrocodeList\Debug\link.6508-rc.read.1.tlog
C:\Users\Chip\Documents\Visual Studio 2012\Projects\IntelMicrocodeList\IntelMicrocodeList\Debug\link.6508-rc.write.1.tlog
C:\Users\Chip\Documents\Visual Studio 2012\Projects\IntelMicrocodeList\IntelMicrocodeList\Debug\link.6508.read.1.tlog
C:\Users\Chip\Documents\Visual Studio 2012\Projects\IntelMicrocodeList\IntelMicrocodeList\Debug\link.6508.write.1.tlog
C:\Users\Chip\Documents\Visual Studio 2012\Projects\IntelMicrocodeList\IntelMicrocodeList\Debug\link.6580-cvtres.read.1.tlog
C:\Users\Chip\Documents\Visual Studio 2012\Projects\IntelMicrocodeList\IntelMicrocodeList\Debug\link.6580-cvtres.write.1.tlog
C:\Users\Chip\Documents\Visual Studio 2012\Projects\IntelMicrocodeList\IntelMicrocodeList\Debug\link.6580-rc.read.1.tlog
C:\Users\Chip\Documents\Visual Studio 2012\Projects\IntelMicrocodeList\IntelMicrocodeList\Debug\link.6580-rc.write.1.tlog
C:\Users\Chip\Documents\Visual Studio 2012\Projects\IntelMicrocodeList\IntelMicrocodeList\Debug\link.6580.read.1.tlog
C:\Users\Chip\Documents\Visual Studio 2012\Projects\IntelMicrocodeList\IntelMicrocodeList\Debug\link.6580.write.1.tlog
C:\Users\Chip\Documents\Visual Studio 2012\Projects\IntelMicrocodeList\IntelMicrocodeList\Debug\link.6732-cvtres.read.1.tlog
C:\Users\Chip\Documents\Visual Studio 2012\Projects\IntelMicrocodeList\IntelMicrocodeList\Debug\link.6732-cvtres.write.1.tlog
C:\Users\Chip\Documents\Visual Studio 2012\Projects\IntelMicrocodeList\IntelMicrocodeList\Debug\link.6732-rc.read.1.tlog
C:\Users\Chip\Documents\Visual Studio 2012\Projects\IntelMicrocodeList\IntelMicrocodeList\Debug\link.6732-rc.write.1.tlog
C:\Users\Chip\Documents\Visual Studio 2012\Projects\IntelMicrocodeList\IntelMicrocodeList\Debug\link.6732.read.1.tlog
C:\Users\Chip\Documents\Visual Studio 2012\Projects\IntelMicrocodeList\IntelMicrocodeList\Debug\link.6732.write.1.tlog
C:\Users\Chip\Documents\Visual Studio 2012\Projects\IntelMicrocodeList\IntelMicrocodeList\Debug\link.6780-cvtres.read.1.tlog
C:\Users\Chip\Documents\Visual Studio 2012\Projects\IntelMicrocodeList\IntelMicrocodeList\Debug\link.6780-cvtres.write.1.tlog
C:\Users\Chip\Documents\Visual Studio 2012\Projects\IntelMicrocodeList\IntelMicrocodeList\Debug\link.6780-rc.read.1.tlog
C:\Users\Chip\Documents\Visual Studio 2012\Projects\IntelMicrocodeList\IntelMicrocodeList\Debug\link.6780-rc.write.1.tlog
C:\Users\Chip\Documents\Visual Studio 2012\Projects\IntelMicrocodeList\IntelMicrocodeList\Debug\link.6780.read.1.tlog
C:\Users\Chip\Documents\Visual Studio 2012\Projects\IntelMicrocodeList\IntelMicrocodeList\Debug\link.6780.write.1.tlog
C:\Users\Chip\Documents\Visual Studio 2012\Projects\IntelMicrocodeList\IntelMicrocodeList\Debug\link.6816-cvtres.read.1.tlog
C:\Users\Chip\Documents\Visual Studio 2012\Projects\IntelMicrocodeList\IntelMicrocodeList\Debug\link.6816-cvtres.write.1.tlog
C:\Users\Chip\Documents\Visual Studio 2012\Projects\IntelMicrocodeList\IntelMicrocodeList\Debug\link.6816-rc.read.1.tlog
C:\Users\Chip\Documents\Visual Studio 2012\Projects\IntelMicrocodeList\IntelMicrocodeList\Debug\link.6816-rc.write.1.tlog
C:\Users\Chip\Documents\Visual Studio 2012\Projects\IntelMicrocodeList\IntelMicrocodeList\Debug\link.6816.read.1.tlog
C:\Users\Chip\Documents\Visual Studio 2012\Projects\IntelMicrocodeList\IntelMicrocodeList\Debug\link.6816.write.1.tlog
C:\Users\Chip\Documents\Visual Studio 2012\Projects\IntelMicrocodeList\IntelMicrocodeList\Debug\link.6852-cvtres.read.1.tlog
C:\Users\Chip\Documents\Visual Studio 2012\Projects\IntelMicrocodeList\IntelMicrocodeList\Debug\link.6852-cvtres.write.1.tlog
C:\Users\Chip\Documents\Visual Studio 2012\Projects\IntelMicrocodeList\IntelMicrocodeList\Debug\link.6852-rc.read.1.tlog
C:\Users\Chip\Documents\Visual Studio 2012\Projects\IntelMicrocodeList\IntelMicrocodeList\Debug\link.6852-rc.write.1.tlog
C:\Users\Chip\Documents\Visual Studio 2012\Projects\IntelMicrocodeList\IntelMicrocodeList\Debug\link.6852.read.1.tlog
C:\Users\Chip\Documents\Visual Studio 2012\Projects\IntelMicrocodeList\IntelMicrocodeList\Debug\link.6852.write.1.tlog
C:\Users\Chip\Documents\Visual Studio 2012\Projects\IntelMicrocodeList\IntelMicrocodeList\Debug\link.6908-cvtres.read.1.tlog
C:\Users\Chip\Documents\Visual Studio 2012\Projects\IntelMicrocodeList\IntelMicrocodeList\Debug\link.6908-cvtres.write.1.tlog
C:\Users\Chip\Documents\Visual Studio 2012\Projects\IntelMicrocodeList\IntelMicrocodeList\Debug\link.6908-rc.read.1.tlog
C:\Users\Chip\Documents\Visual Studio 2012\Projects\IntelMicrocodeList\IntelMicrocodeList\Debug\link.6908-rc.write.1.tlog
C:\Users\Chip\Documents\Visual Studio 2012\Projects\IntelMicrocodeList\IntelMicrocodeList\Debug\link.6908.read.1.tlog
C:\Users\Chip\Documents\Visual Studio 2012\Projects\IntelMicrocodeList\IntelMicrocodeList\Debug\link.6908.write.1.tlog
C:\Users\Chip\Documents\Visual Studio 2012\Projects\IntelMicrocodeList\IntelMicrocodeList\Debug\link.7104-cvtres.read.1.tlog
C:\Users\Chip\Documents\Visual Studio 2012\Projects\IntelMicrocodeList\IntelMicrocodeList\Debug\link.7104-cvtres.write.1.tlog
C:\Users\Chip\Documents\Visual Studio 2012\Projects\IntelMicrocodeList\IntelMicrocodeList\Debug\link.7104-rc.read.1.tlog
C:\Users\Chip\Documents\Visual Studio 2012\Projects\IntelMicrocodeList\IntelMicrocodeList\Debug\link.7104-rc.write.1.tlog
C:\Users\Chip\Documents\Visual Studio 2012\Projects\IntelMicrocodeList\IntelMicrocodeList\Debug\link.7104.read.1.tlog
C:\Users\Chip\Documents\Visual Studio 2012\Projects\IntelMicrocodeList\IntelMicrocodeList\Debug\link.7104.write.1.tlog
C:\Users\Chip\Documents\Visual Studio 2012\Projects\IntelMicrocodeList\IntelMicrocodeList\Debug\link.7272-cvtres.read.1.tlog
C:\Users\Chip\Documents\Visual Studio 2012\Projects\IntelMicrocodeList\IntelMicrocodeList\Debug\link.7272-cvtres.write.1.tlog
C:\Users\Chip\Documents\Visual Studio 2012\Projects\IntelMicrocodeList\IntelMicrocodeList\Debug\link.7272-rc.read.1.tlog
C:\Users\Chip\Documents\Visual Studio 2012\Projects\IntelMicrocodeList\IntelMicrocodeList\Debug\link.7272-rc.write.1.tlog
C:\Users\Chip\Documents\Visual Studio 2012\Projects\IntelMicrocodeList\IntelMicrocodeList\Debug\link.7272.read.1.tlog
C:\Users\Chip\Documents\Visual Studio 2012\Projects\IntelMicrocodeList\IntelMicrocodeList\Debug\link.7272.write.1.tlog
C:\Users\Chip\Documents\Visual Studio 2012\Projects\IntelMicrocodeList\IntelMicrocodeList\Debug\link.7472-cvtres.read.1.tlog
C:\Users\Chip\Documents\Visual Studio 2012\Projects\IntelMicrocodeList\IntelMicrocodeList\Debug\link.7472-cvtres.write.1.tlog
C:\Users\Chip\Documents\Visual Studio 2012\Projects\IntelMicrocodeList\IntelMicrocodeList\Debug\link.7472-rc.read.1.tlog
C:\Users\Chip\Documents\Visual Studio 2012\Projects\IntelMicrocodeList\IntelMicrocodeList\Debug\link.7472-rc.write.1.tlog
C:\Users\Chip\Documents\Visual Studio 2012\Projects\IntelMicrocodeList\IntelMicrocodeList\Debug\link.7472.read.1.tlog
C:\Users\Chip\Documents\Visual Studio 2012\Projects\IntelMicrocodeList\IntelMicrocodeList\Debug\link.7472.write.1.tlog
C:\Users\Chip\Documents\Visual Studio 2012\Projects\IntelMicrocodeList\IntelMicrocodeList\Debug\link.7476-cvtres.read.1.tlog
C:\Users\Chip\Documents\Visual Studio 2012\Projects\IntelMicrocodeList\IntelMicrocodeList\Debug\link.7476-cvtres.write.1.tlog
C:\Users\Chip\Documents\Visual Studio 2012\Projects\IntelMicrocodeList\IntelMicrocodeList\Debug\link.7476-rc.read.1.tlog
C:\Users\Chip\Documents\Visual Studio 2012\Projects\IntelMicrocodeList\IntelMicrocodeList\Debug\link.7476-rc.write.1.tlog
C:\Users\Chip\Documents\Visual Studio 2012\Projects\IntelMicrocodeList\IntelMicrocodeList\Debug\link.7476.read.1.tlog
C:\Users\Chip\Documents\Visual Studio 2012\Projects\IntelMicrocodeList\IntelMicrocodeList\Debug\link.7476.write.1.tlog
C:\Users\Chip\Documents\Visual Studio 2012\Projects\IntelMicrocodeList\IntelMicrocodeList\Debug\link.7564-cvtres.read.1.tlog
C:\Users\Chip\Documents\Visual Studio 2012\Projects\IntelMicrocodeList\IntelMicrocodeList\Debug\link.7564-cvtres.write.1.tlog
C:\Users\Chip\Documents\Visual Studio 2012\Projects\IntelMicrocodeList\IntelMicrocodeList\Debug\link.7564-rc.read.1.tlog
C:\Users\Chip\Documents\Visual Studio 2012\Projects\IntelMicrocodeList\IntelMicrocodeList\Debug\link.7564-rc.write.1.tlog
C:\Users\Chip\Documents\Visual Studio 2012\Projects\IntelMicrocodeList\IntelMicrocodeList\Debug\link.7564.read.1.tlog
C:\Users\Chip\Documents\Visual Studio 2012\Projects\IntelMicrocodeList\IntelMicrocodeList\Debug\link.7564.write.1.tlog
C:\Users\Chip\Documents\Visual Studio 2012\Projects\IntelMicrocodeList\IntelMicrocodeList\Debug\link.7704-cvtres.read.1.tlog
C:\Users\Chip\Documents\Visual Studio 2012\Projects\IntelMicrocodeList\IntelMicrocodeList\Debug\link.7704-cvtres.write.1.tlog
C:\Users\Chip\Documents\Visual Studio 2012\Projects\IntelMicrocodeList\IntelMicrocodeList\Debug\link.7704-rc.read.1.tlog
C:\Users\Chip\Documents\Visual Studio 2012\Projects\IntelMicrocodeList\IntelMicrocodeList\Debug\link.7704-rc.write.1.tlog
C:\Users\Chip\Documents\Visual Studio 2012\Projects\IntelMicrocodeList\IntelMicrocodeList\Debug\link.7704.read.1.tlog
C:\Users\Chip\Documents\Visual Studio 2012\Projects\IntelMicrocodeList\IntelMicrocodeList\Debug\link.7704.write.1.tlog
C:\Users\Chip\Documents\Visual Studio 2012\Projects\IntelMicrocodeList\IntelMicrocodeList\Debug\link.7828-cvtres.read.1.tlog
C:\Users\Chip\Documents\Visual Studio 2012\Projects\IntelMicrocodeList\IntelMicrocodeList\Debug\link.7828-cvtres.write.1.tlog
C:\Users\Chip\Documents\Visual Studio 2012\Projects\IntelMicrocodeList\IntelMicrocodeList\Debug\link.7828-rc.read.1.tlog
C:\Users\Chip\Documents\Visual Studio 2012\Projects\IntelMicrocodeList\IntelMicrocodeList\Debug\link.7828-rc.write.1.tlog
C:\Users\Chip\Documents\Visual Studio 2012\Projects\IntelMicrocodeList\IntelMicrocodeList\Debug\link.7828.read.1.tlog
C:\Users\Chip\Documents\Visual Studio 2012\Projects\IntelMicrocodeList\IntelMicrocodeList\Debug\link.7828.write.1.tlog
C:\Users\Chip\Documents\Visual Studio 2012\Projects\IntelMicrocodeList\IntelMicrocodeList\Debug\link.7868-cvtres.read.1.tlog
C:\Users\Chip\Documents\Visual Studio 2012\Projects\IntelMicrocodeList\IntelMicrocodeList\Debug\link.7868-cvtres.write.1.tlog
C:\Users\Chip\Documents\Visual Studio 2012\Projects\IntelMicrocodeList\IntelMicrocodeList\Debug\link.7868-rc.read.1.tlog
C:\Users\Chip\Documents\Visual Studio 2012\Projects\IntelMicrocodeList\IntelMicrocodeList\Debug\link.7868-rc.write.1.tlog
C:\Users\Chip\Documents\Visual Studio 2012\Projects\IntelMicrocodeList\IntelMicrocodeList\Debug\link.7868.read.1.tlog
C:\Users\Chip\Documents\Visual Studio 2012\Projects\IntelMicrocodeList\IntelMicrocodeList\Debug\link.7868.write.1.tlog
C:\Users\Chip\Documents\Visual Studio 2012\Projects\IntelMicrocodeList\IntelMicrocodeList\Debug\link.7892-cvtres.read.1.tlog
C:\Users\Chip\Documents\Visual Studio 2012\Projects\IntelMicrocodeList\IntelMicrocodeList\Debug\link.7892-cvtres.write.1.tlog
C:\Users\Chip\Documents\Visual Studio 2012\Projects\IntelMicrocodeList\IntelMicrocodeList\Debug\link.7892-rc.read.1.tlog
C:\Users\Chip\Documents\Visual Studio 2012\Projects\IntelMicrocodeList\IntelMicrocodeList\Debug\link.7892-rc.write.1.tlog
C:\Users\Chip\Documents\Visual Studio 2012\Projects\IntelMicrocodeList\IntelMicrocodeList\Debug\link.7892.read.1.tlog
C:\Users\Chip\Documents\Visual Studio 2012\Projects\IntelMicrocodeList\IntelMicrocodeList\Debug\link.7892.write.1.tlog
C:\Users\Chip\Documents\Visual Studio 2012\Projects\IntelMicrocodeList\IntelMicrocodeList\Debug\link.7964-cvtres.read.1.tlog
C:\Users\Chip\Documents\Visual Studio 2012\Projects\IntelMicrocodeList\IntelMicrocodeList\Debug\link.7964-cvtres.write.1.tlog
C:\Users\Chip\Documents\Visual Studio 2012\Projects\IntelMicrocodeList\IntelMicrocodeList\Debug\link.7964-rc.read.1.tlog
C:\Users\Chip\Documents\Visual Studio 2012\Projects\IntelMicrocodeList\IntelMicrocodeList\Debug\link.7964-rc.write.1.tlog
C:\Users\Chip\Documents\Visual Studio 2012\Projects\IntelMicrocodeList\IntelMicrocodeList\Debug\link.7964.read.1.tlog
C:\Users\Chip\Documents\Visual Studio 2012\Projects\IntelMicrocodeList\IntelMicrocodeList\Debug\link.7964.write.1.tlog
C:\Users\Chip\Documents\Visual Studio 2012\Projects\IntelMicrocodeList\IntelMicrocodeList\Debug\link.8036-cvtres.read.1.tlog
C:\Users\Chip\Documents\Visual Studio 2012\Projects\IntelMicrocodeList\IntelMicrocodeList\Debug\link.8036-cvtres.write.1.tlog
C:\Users\Chip\Documents\Visual Studio 2012\Projects\IntelMicrocodeList\IntelMicrocodeList\Debug\link.8036-rc.read.1.tlog
C:\Users\Chip\Documents\Visual Studio 2012\Projects\IntelMicrocodeList\IntelMicrocodeList\Debug\link.8036-rc.write.1.tlog
C:\Users\Chip\Documents\Visual Studio 2012\Projects\IntelMicrocodeList\IntelMicrocodeList\Debug\link.8036.read.1.tlog
C:\Users\Chip\Documents\Visual Studio 2012\Projects\IntelMicrocodeList\IntelMicrocodeList\Debug\link.8036.write.1.tlog
C:\Users\Chip\Documents\Visual Studio 2012\Projects\IntelMicrocodeList\IntelMicrocodeList\Debug\link.8072-cvtres.read.1.tlog
C:\Users\Chip\Documents\Visual Studio 2012\Projects\IntelMicrocodeList\IntelMicrocodeList\Debug\link.8072-cvtres.write.1.tlog
C:\Users\Chip\Documents\Visual Studio 2012\Projects\IntelMicrocodeList\IntelMicrocodeList\Debug\link.8072-rc.read.1.tlog
C:\Users\Chip\Documents\Visual Studio 2012\Projects\IntelMicrocodeList\IntelMicrocodeList\Debug\link.8072-rc.write.1.tlog
C:\Users\Chip\Documents\Visual Studio 2012\Projects\IntelMicrocodeList\IntelMicrocodeList\Debug\link.8072.read.1.tlog
C:\Users\Chip\Documents\Visual Studio 2012\Projects\IntelMicrocodeList\IntelMicrocodeList\Debug\link.8072.write.1.tlog
C:\Users\Chip\Documents\Visual Studio 2012\Projects\IntelMicrocodeList\IntelMicrocodeList\Debug\link.8104-cvtres.read.1.tlog
C:\Users\Chip\Documents\Visual Studio 2012\Projects\IntelMicrocodeList\IntelMicrocodeList\Debug\link.8104-cvtres.write.1.tlog
C:\Users\Chip\Documents\Visual Studio 2012\Projects\IntelMicrocodeList\IntelMicrocodeList\Debug\link.8104-rc.read.1.tlog
C:\Users\Chip\Documents\Visual Studio 2012\Projects\IntelMicrocodeList\IntelMicrocodeList\Debug\link.8104-rc.write.1.tlog
C:\Users\Chip\Documents\Visual Studio 2012\Projects\IntelMicrocodeList\IntelMicrocodeList\Debug\link.8104.read.1.tlog
C:\Users\Chip\Documents\Visual Studio 2012\Projects\IntelMicrocodeList\IntelMicrocodeList\Debug\link.8104.write.1.tlog
C:\Users\Chip\Documents\Visual Studio 2012\Projects\IntelMicrocodeList\IntelMicrocodeList\Debug\link.8328-cvtres.read.1.tlog
C:\Users\Chip\Documents\Visual Studio 2012\Projects\IntelMicrocodeList\IntelMicrocodeList\Debug\link.8328-cvtres.write.1.tlog
C:\Users\Chip\Documents\Visual Studio 2012\Projects\IntelMicrocodeList\IntelMicrocodeList\Debug\link.8328-rc.read.1.tlog
C:\Users\Chip\Documents\Visual Studio 2012\Projects\IntelMicrocodeList\IntelMicrocodeList\Debug\link.8328-rc.write.1.tlog
C:\Users\Chip\Documents\Visual Studio 2012\Projects\IntelMicrocodeList\IntelMicrocodeList\Debug\link.8328.read.1.tlog
C:\Users\Chip\Documents\Visual Studio 2012\Projects\IntelMicrocodeList\IntelMicrocodeList\Debug\link.8328.write.1.tlog
C:\Users\Chip\Documents\Visual Studio 2012\Projects\IntelMicrocodeList\IntelMicrocodeList\Debug\link.8596-cvtres.read.1.tlog
C:\Users\Chip\Documents\Visual Studio 2012\Projects\IntelMicrocodeList\IntelMicrocodeList\Debug\link.8596-cvtres.write.1.tlog
C:\Users\Chip\Documents\Visual Studio 2012\Projects\IntelMicrocodeList\IntelMicrocodeList\Debug\link.8596-rc.read.1.tlog
C:\Users\Chip\Documents\Visual Studio 2012\Projects\IntelMicrocodeList\IntelMicrocodeList\Debug\link.8596-rc.write.1.tlog
C:\Users\Chip\Documents\Visual Studio 2012\Projects\IntelMicrocodeList\IntelMicrocodeList\Debug\link.8596.read.1.tlog
C:\Users\Chip\Documents\Visual Studio 2012\Projects\IntelMicrocodeList\IntelMicrocodeList\Debug\link.8596.write.1.tlog
C:\Users\Chip\Documents\Visual Studio 2012\Projects\IntelMicrocodeList\IntelMicrocodeList\Debug\link.8624-cvtres.read.1.tlog
C:\Users\Chip\Documents\Visual Studio 2012\Projects\IntelMicrocodeList\IntelMicrocodeList\Debug\link.8624-cvtres.write.1.tlog
C:\Users\Chip\Documents\Visual Studio 2012\Projects\IntelMicrocodeList\IntelMicrocodeList\Debug\link.8624-rc.read.1.tlog
C:\Users\Chip\Documents\Visual Studio 2012\Projects\IntelMicrocodeList\IntelMicrocodeList\Debug\link.8624-rc.write.1.tlog
C:\Users\Chip\Documents\Visual Studio 2012\Projects\IntelMicrocodeList\IntelMicrocodeList\Debug\link.8624.read.1.tlog
C:\Users\Chip\Documents\Visual Studio 2012\Projects\IntelMicrocodeList\IntelMicrocodeList\Debug\link.8624.write.1.tlog
C:\Users\Chip\Documents\Visual Studio 2012\Projects\IntelMicrocodeList\IntelMicrocodeList\Debug\link.8752-cvtres.read.1.tlog
C:\Users\Chip\Documents\Visual Studio 2012\Projects\IntelMicrocodeList\IntelMicrocodeList\Debug\link.8752-cvtres.write.1.tlog
C:\Users\Chip\Documents\Visual Studio 2012\Projects\IntelMicrocodeList\IntelMicrocodeList\Debug\link.8752-rc.read.1.tlog
C:\Users\Chip\Documents\Visual Studio 2012\Projects\IntelMicrocodeList\IntelMicrocodeList\Debug\link.8752-rc.write.1.tlog
C:\Users\Chip\Documents\Visual Studio 2012\Projects\IntelMicrocodeList\IntelMicrocodeList\Debug\link.8752.read.1.tlog
C:\Users\Chip\Documents\Visual Studio 2012\Projects\IntelMicrocodeList\IntelMicrocodeList\Debug\link.8752.write.1.tlog
C:\Users\Chip\Documents\Visual Studio 2012\Projects\IntelMicrocodeList\IntelMicrocodeList\Debug\link.9004-cvtres.read.1.tlog
C:\Users\Chip\Documents\Visual Studio 2012\Projects\IntelMicrocodeList\IntelMicrocodeList\Debug\link.9004-cvtres.write.1.tlog
C:\Users\Chip\Documents\Visual Studio 2012\Projects\IntelMicrocodeList\IntelMicrocodeList\Debug\link.9004-rc.read.1.tlog
C:\Users\Chip\Documents\Visual Studio 2012\Projects\IntelMicrocodeList\IntelMicrocodeList\Debug\link.9004-rc.write.1.tlog
C:\Users\Chip\Documents\Visual Studio 2012\Projects\IntelMicrocodeList\IntelMicrocodeList\Debug\link.9004.read.1.tlog
C:\Users\Chip\Documents\Visual Studio 2012\Projects\IntelMicrocodeList\IntelMicrocodeList\Debug\link.9004.write.1.tlog
C:\Users\Chip\Documents\Visual Studio 2012\Projects\IntelMicrocodeList\IntelMicrocodeList\Debug\link.916-cvtres.read.1.tlog
C:\Users\Chip\Documents\Visual Studio 2012\Projects\IntelMicrocodeList\IntelMicrocodeList\Debug\link.916-cvtres.write.1.tlog
C:\Users\Chip\Documents\Visual Studio 2012\Projects\IntelMicrocodeList\IntelMicrocodeList\Debug\link.916-rc.read.1.tlog
C:\Users\Chip\Documents\Visual Studio 2012\Projects\IntelMicrocodeList\IntelMicrocodeList\Debug\link.916-rc.write.1.tlog
C:\Users\Chip\Documents\Visual Studio 2012\Projects\IntelMicrocodeList\IntelMicrocodeList\Debug\link.916.read.1.tlog
C:\Users\Chip\Documents\Visual Studio 2012\Projects\IntelMicrocodeList\IntelMicrocodeList\Debug\link.916.write.1.tlog
C:\Users\Chip\Documents\Visual Studio 2012\Projects\IntelMicrocodeList\IntelMicrocodeList\Debug\link.9384-cvtres.read.1.tlog
C:\Users\Chip\Documents\Visual Studio 2012\Projects\IntelMicrocodeList\IntelMicrocodeList\Debug\link.9384-cvtres.write.1.tlog
C:\Users\Chip\Documents\Visual Studio 2012\Projects\IntelMicrocodeList\IntelMicrocodeList\Debug\link.9384-rc.read.1.tlog
C:\Users\Chip\Documents\Visual Studio 2012\Projects\IntelMicrocodeList\IntelMicrocodeList\Debug\link.9384-rc.write.1.tlog
C:\Users\Chip\Documents\Visual Studio 2012\Projects\IntelMicrocodeList\IntelMicrocodeList\Debug\link.9384.read.1.tlog
C:\Users\Chip\Documents\Visual Studio 2012\Projects\IntelMicrocodeList\IntelMicrocodeList\Debug\link.9384.write.1.tlog
C:\Users\Chip\Documents\Visual Studio 2012\Projects\IntelMicrocodeList\IntelMicrocodeList\Debug\link.9672-cvtres.read.1.tlog
C:\Users\Chip\Documents\Visual Studio 2012\Projects\IntelMicrocodeList\IntelMicrocodeList\Debug\link.9672-cvtres.write.1.tlog
C:\Users\Chip\Documents\Visual Studio 2012\Projects\IntelMicrocodeList\IntelMicrocodeList\Debug\link.9672-rc.read.1.tlog
C:\Users\Chip\Documents\Visual Studio 2012\Projects\IntelMicrocodeList\IntelMicrocodeList\Debug\link.9672-rc.write.1.tlog
C:\Users\Chip\Documents\Visual Studio 2012\Projects\IntelMicrocodeList\IntelMicrocodeList\Debug\link.9672.read.1.tlog
C:\Users\Chip\Documents\Visual Studio 2012\Projects\IntelMicrocodeList\IntelMicrocodeList\Debug\link.9672.write.1.tlog
C:\Users\Chip\Documents\Visual Studio 2012\Projects\IntelMicrocodeList\IntelMicrocodeList\Debug\link.command.1.tlog
C:\Users\Chip\Documents\Visual Studio 2012\Projects\IntelMicrocodeList\IntelMicrocodeList\Debug\link.read.1.tlog
C:\Users\Chip\Documents\Visual Studio 2012\Projects\IntelMicrocodeList\IntelMicrocodeList\Debug\link.write.1.tlog
C:\Users\Chip\Documents\Visual Studio 2012\Projects\IntelMicrocodeList\IntelMicrocodeList\Debug\vc110.idb
C:\Users\Chip\Documents\Visual Studio 2012\Projects\IntelMicrocodeList\IntelMicrocodeList\Debug\vc110.pdb
C:\Users\Chip\Documents\Visual Studio 2012\Projects\IntelMicrocodeList\Debug\IntelMicrocodeList.pdb
C:\Users\Chip\Documents\Visual Studio 2012\Projects\IntelMicrocodeList\Debug\IntelMicrocodeList.exe
C:\Users\Chip\Documents\Visual Studio 2012\Projects\IntelMicrocodeList\Debug\IntelMicrocodeList.ilk
